<?xml version="1.0" encoding="UTF-8"?>
<!-- Generated by org.testng.reporters.JUnitXMLReporter -->
<testsuite hostname="LAPTOP-U7FIIQOJ" ignored="0" name="Regression1" tests="5" failures="0" timestamp="20 Jul 2019 14:57:15 GMT" time="173.052" errors="0">
  <testcase name="@BeforeMethod setup" time="55.77" classname="com.qa.collateral.tests.DashboardPageTest">
    <failure type="org.openqa.selenium.TimeoutException" message="Expected condition failed: waiting for title to contain &amp;quot;Collateral360&amp;quot;. Current title: &amp;quot;EDR PARCEL Platform - Transforming Property Due Diligence &amp;amp; Compliance&amp;quot; (tried for 25 second(s) with 500 milliseconds interval)
Build info: version: &amp;apos;3.141.59&amp;apos;, revision: &amp;apos;e82be7d358&amp;apos;, time: &amp;apos;2018-11-14T08:17:03&amp;apos;
System info: host: &amp;apos;LAPTOP-U7FIIQOJ&amp;apos;, ip: &amp;apos;10.26.41.148&amp;apos;, os.name: &amp;apos;Windows 10&amp;apos;, os.arch: &amp;apos;amd64&amp;apos;, os.version: &amp;apos;10.0&amp;apos;, java.version: &amp;apos;1.8.0_211&amp;apos;
Driver info: org.openqa.selenium.firefox.FirefoxDriver
Capabilities {acceptInsecureCerts: true, browserName: firefox, browserVersion: 67.0.4, javascriptEnabled: true, moz:accessibilityChecks: false, moz:buildID: 20190619235627, moz:geckodriverVersion: 0.24.0, moz:headless: false, moz:processID: 10280, moz:profile: C:\Users\pandi\AppData\Loca..., moz:shutdownTimeout: 60000, moz:useNonSpecCompliantPointerOrigin: false, moz:webdriverClick: true, pageLoadStrategy: normal, platform: WINDOWS, platformName: WINDOWS, platformVersion: 10.0, rotatable: false, setWindowRect: true, strictFileInteractability: false, timeouts: {implicit: 0, pageLoad: 300000, script: 30000}, unhandledPromptBehavior: dismiss and notify}
Session ID: c40d7783-7f2b-4b29-8e3b-f0e72b21b67f">
      <![CDATA[org.openqa.selenium.TimeoutException: Expected condition failed: waiting for title to contain "Collateral360". Current title: "EDR PARCEL Platform - Transforming Property Due Diligence & Compliance" (tried for 25 second(s) with 500 milliseconds interval)
Build info: version: '3.141.59', revision: 'e82be7d358', time: '2018-11-14T08:17:03'
System info: host: 'LAPTOP-U7FIIQOJ', ip: '10.26.41.148', os.name: 'Windows 10', os.arch: 'amd64', os.version: '10.0', java.version: '1.8.0_211'
Driver info: org.openqa.selenium.firefox.FirefoxDriver
Capabilities {acceptInsecureCerts: true, browserName: firefox, browserVersion: 67.0.4, javascriptEnabled: true, moz:accessibilityChecks: false, moz:buildID: 20190619235627, moz:geckodriverVersion: 0.24.0, moz:headless: false, moz:processID: 10280, moz:profile: C:\Users\pandi\AppData\Loca..., moz:shutdownTimeout: 60000, moz:useNonSpecCompliantPointerOrigin: false, moz:webdriverClick: true, pageLoadStrategy: normal, platform: WINDOWS, platformName: WINDOWS, platformVersion: 10.0, rotatable: false, setWindowRect: true, strictFileInteractability: false, timeouts: {implicit: 0, pageLoad: 300000, script: 30000}, unhandledPromptBehavior: dismiss and notify}
Session ID: c40d7783-7f2b-4b29-8e3b-f0e72b21b67f
at org.openqa.selenium.support.ui.WebDriverWait.timeoutException(WebDriverWait.java:95)
at org.openqa.selenium.support.ui.FluentWait.until(FluentWait.java:272)
at com.collateral360.JPMC.RES.Pages.AdminDashboardPage.Impersonate(AdminDashboardPage.java:26)
at com.qa.collateral.tests.DashboardPageTest.setup(DashboardPageTest.java:35)
... Removed 28 stack frames]]>
    </failure>
  </testcase> <!-- @BeforeMethod setup -->
  <testcase name="@AfterMethod teardown" time="0.0" classname="com.qa.collateral.tests.DashboardPageTest">
    <skipped/>
  </testcase> <!-- @AfterMethod teardown -->
  <testcase name="@BeforeMethod setup" time="0.0" classname="com.qa.collateral.tests.DashboardPageTest">
    <skipped/>
  </testcase> <!-- @BeforeMethod setup -->
  <testcase name="@AfterMethod teardown" time="0.0" classname="com.qa.collateral.tests.DashboardPageTest">
    <skipped/>
  </testcase> <!-- @AfterMethod teardown -->
  <testcase name="loginPageTitleTest" time="0.024" classname="com.qa.collateral.tests.LoginPageTest"/>
  <testcase name="dashboardPageTitleTest" time="3.571" classname="com.qa.collateral.tests.DashboardPageTest"/>
  <testcase name="signTest" time="7.83" classname="com.qa.collateral.tests.LoginPageTest"/>
  <testcase name="logoTest" time="0.0" classname="com.qa.collateral.tests.DashboardPageTest">
    <skipped/>
  </testcase> <!-- logoTest -->
  <testcase name="CreateRequestButtonTest" time="0.0" classname="com.qa.collateral.tests.DashboardPageTest">
    <skipped/>
  </testcase> <!-- CreateRequestButtonTest -->
</testsuite> <!-- Regression1 -->
