<!DOCTYPE html PUBLIC "-//W3C//DTD XHTML 1.1//EN" "http://www.w3.org/TR/xhtml11/DTD/xhtml11.dtd">
<html xmlns="http://www.w3.org/1999/xhtml">
<head>
<meta http-equiv="content-type" content="text/html; charset=UTF-8"/>
<title>TestNG Report</title>
<style type="text/css">table {margin-bottom:10px;border-collapse:collapse;empty-cells:show}th,td {border:1px solid #009;padding:.25em .5em}th {vertical-align:bottom}td {vertical-align:top}table a {font-weight:bold}.stripe td {background-color: #E6EBF9}.num {text-align:right}.passedodd td {background-color: #3F3}.passedeven td {background-color: #0A0}.skippedodd td {background-color: #DDD}.skippedeven td {background-color: #CCC}.failedodd td,.attn {background-color: #F33}.failedeven td,.stripe .attn {background-color: #D00}.stacktrace {white-space:pre;font-family:monospace}.totop {font-size:85%;text-align:center;border-bottom:2px solid #000}.invisible {display:none}</style>
</head>
<body>
<table>
<tr><th>Test</th><th># Passed</th><th># Skipped</th><th># Failed</th><th>Time (ms)</th><th>Included Groups</th><th>Excluded Groups</th></tr>
<tr><th colspan="7">Suite to test C360 regression Features</th></tr>
<tr><td><a href="#t0">Regression1</a></td><td class="num">3</td><td class="num attn">2</td><td class="num">0</td><td class="num">173,052</td><td></td><td></td></tr>
</table>
<table id='summary'><thead><tr><th>Class</th><th>Method</th><th>Start</th><th>Time (ms)</th></tr></thead><tbody><tr><th colspan="4">Suite to test C360 regression Features</th></tr></tbody><tbody id="t0"><tr><th colspan="4">Regression1 &#8212; failed (configuration methods)</th></tr><tr class="failedeven"><td rowspan="1">com.qa.collateral.tests.DashboardPageTest</td><td><a href="#m0">setup</a></td><td rowspan="1">1563634579539</td><td rowspan="1">55770</td></tr><tr><th colspan="4">Regression1 &#8212; skipped (configuration methods)</th></tr><tr class="skippedeven"><td rowspan="3">com.qa.collateral.tests.DashboardPageTest</td><td><a href="#m1">setup</a></td><td rowspan="1">1563634635326</td><td rowspan="1">0</td></tr><tr class="skippedeven"><td><a href="#m2">teardown</a></td><td rowspan="2">1563634635321</td><td rowspan="2">0</td></tr><tr class="skippedeven"><td><a href="#m3">teardown</a></td></tr><tr><th colspan="4">Regression1 &#8212; skipped</th></tr><tr class="skippedeven"><td rowspan="2">com.qa.collateral.tests.DashboardPageTest</td><td><a href="#m4">CreateRequestButtonTest</a></td><td rowspan="1">1563634635330</td><td rowspan="1">0</td></tr><tr class="skippedeven"><td><a href="#m5">logoTest</a></td><td rowspan="1">1563634635316</td><td rowspan="1">0</td></tr><tr><th colspan="4">Regression1 &#8212; passed</th></tr><tr class="passedeven"><td rowspan="1">com.qa.collateral.tests.DashboardPageTest</td><td><a href="#m6">dashboardPageTitleTest</a></td><td rowspan="1">1563634535244</td><td rowspan="1">3571</td></tr><tr class="passedodd"><td rowspan="2">com.qa.collateral.tests.LoginPageTest</td><td><a href="#m7">loginPageTitleTest</a></td><td rowspan="1">1563634498444</td><td rowspan="1">24</td></tr><tr class="passedodd"><td><a href="#m8">signTest</a></td><td rowspan="1">1563634569789</td><td rowspan="1">7830</td></tr></tbody>
</table>
<h2>Regression1</h2><h3 id="m0">com.qa.collateral.tests.DashboardPageTest#setup</h3><table class="result"><tr><th>Exception</th></tr><tr><td><div class="stacktrace">org.openqa.selenium.TimeoutException: Expected condition failed: waiting for title to contain &quot;Collateral360&quot;. Current title: &quot;EDR PARCEL Platform - Transforming Property Due Diligence &amp; Compliance&quot; (tried for 25 second(s) with 500 milliseconds interval)
Build info: version: &apos;3.141.59&apos;, revision: &apos;e82be7d358&apos;, time: &apos;2018-11-14T08:17:03&apos;
System info: host: &apos;LAPTOP-U7FIIQOJ&apos;, ip: &apos;10.26.41.148&apos;, os.name: &apos;Windows 10&apos;, os.arch: &apos;amd64&apos;, os.version: &apos;10.0&apos;, java.version: &apos;1.8.0_211&apos;
Driver info: org.openqa.selenium.firefox.FirefoxDriver
Capabilities {acceptInsecureCerts: true, browserName: firefox, browserVersion: 67.0.4, javascriptEnabled: true, moz:accessibilityChecks: false, moz:buildID: 20190619235627, moz:geckodriverVersion: 0.24.0, moz:headless: false, moz:processID: 10280, moz:profile: C:\Users\pandi\AppData\Loca..., moz:shutdownTimeout: 60000, moz:useNonSpecCompliantPointerOrigin: false, moz:webdriverClick: true, pageLoadStrategy: normal, platform: WINDOWS, platformName: WINDOWS, platformVersion: 10.0, rotatable: false, setWindowRect: true, strictFileInteractability: false, timeouts: {implicit: 0, pageLoad: 300000, script: 30000}, unhandledPromptBehavior: dismiss and notify}
Session ID: c40d7783-7f2b-4b29-8e3b-f0e72b21b67f
	at org.openqa.selenium.support.ui.WebDriverWait.timeoutException(WebDriverWait.java:95)
	at org.openqa.selenium.support.ui.FluentWait.until(FluentWait.java:272)
	at com.collateral360.JPMC.RES.Pages.AdminDashboardPage.Impersonate(AdminDashboardPage.java:26)
	at com.qa.collateral.tests.DashboardPageTest.setup(DashboardPageTest.java:35)
... Removed 28 stack frames</div></td></tr></table><p class="totop"><a href="#summary">back to summary</a></p>
<h3 id="m1">com.qa.collateral.tests.DashboardPageTest#setup</h3><table class="result"><tr><th class="invisible"/></tr></table><p class="totop"><a href="#summary">back to summary</a></p>
<h3 id="m2">com.qa.collateral.tests.DashboardPageTest#teardown</h3><table class="result"><tr><th class="invisible"/></tr></table><p class="totop"><a href="#summary">back to summary</a></p>
<h3 id="m3">com.qa.collateral.tests.DashboardPageTest#teardown</h3><table class="result"><tr><th class="invisible"/></tr></table><p class="totop"><a href="#summary">back to summary</a></p>
<h3 id="m4">com.qa.collateral.tests.DashboardPageTest#CreateRequestButtonTest</h3><table class="result"><tr><th>Exception</th></tr><tr><td><div class="stacktrace">org.openqa.selenium.TimeoutException: Expected condition failed: waiting for title to contain &quot;Collateral360&quot;. Current title: &quot;EDR PARCEL Platform - Transforming Property Due Diligence &amp; Compliance&quot; (tried for 25 second(s) with 500 milliseconds interval)
Build info: version: &apos;3.141.59&apos;, revision: &apos;e82be7d358&apos;, time: &apos;2018-11-14T08:17:03&apos;
System info: host: &apos;LAPTOP-U7FIIQOJ&apos;, ip: &apos;10.26.41.148&apos;, os.name: &apos;Windows 10&apos;, os.arch: &apos;amd64&apos;, os.version: &apos;10.0&apos;, java.version: &apos;1.8.0_211&apos;
Driver info: org.openqa.selenium.firefox.FirefoxDriver
Capabilities {acceptInsecureCerts: true, browserName: firefox, browserVersion: 67.0.4, javascriptEnabled: true, moz:accessibilityChecks: false, moz:buildID: 20190619235627, moz:geckodriverVersion: 0.24.0, moz:headless: false, moz:processID: 10280, moz:profile: C:\Users\pandi\AppData\Loca..., moz:shutdownTimeout: 60000, moz:useNonSpecCompliantPointerOrigin: false, moz:webdriverClick: true, pageLoadStrategy: normal, platform: WINDOWS, platformName: WINDOWS, platformVersion: 10.0, rotatable: false, setWindowRect: true, strictFileInteractability: false, timeouts: {implicit: 0, pageLoad: 300000, script: 30000}, unhandledPromptBehavior: dismiss and notify}
Session ID: c40d7783-7f2b-4b29-8e3b-f0e72b21b67f
	at org.openqa.selenium.support.ui.WebDriverWait.timeoutException(WebDriverWait.java:95)
	at org.openqa.selenium.support.ui.FluentWait.until(FluentWait.java:272)
	at com.collateral360.JPMC.RES.Pages.AdminDashboardPage.Impersonate(AdminDashboardPage.java:26)
	at com.qa.collateral.tests.DashboardPageTest.setup(DashboardPageTest.java:35)
... Removed 28 stack frames</div></td></tr></table><p class="totop"><a href="#summary">back to summary</a></p>
<h3 id="m5">com.qa.collateral.tests.DashboardPageTest#logoTest</h3><table class="result"><tr><th>Exception</th></tr><tr><td><div class="stacktrace">org.openqa.selenium.TimeoutException: Expected condition failed: waiting for title to contain &quot;Collateral360&quot;. Current title: &quot;EDR PARCEL Platform - Transforming Property Due Diligence &amp; Compliance&quot; (tried for 25 second(s) with 500 milliseconds interval)
Build info: version: &apos;3.141.59&apos;, revision: &apos;e82be7d358&apos;, time: &apos;2018-11-14T08:17:03&apos;
System info: host: &apos;LAPTOP-U7FIIQOJ&apos;, ip: &apos;10.26.41.148&apos;, os.name: &apos;Windows 10&apos;, os.arch: &apos;amd64&apos;, os.version: &apos;10.0&apos;, java.version: &apos;1.8.0_211&apos;
Driver info: org.openqa.selenium.firefox.FirefoxDriver
Capabilities {acceptInsecureCerts: true, browserName: firefox, browserVersion: 67.0.4, javascriptEnabled: true, moz:accessibilityChecks: false, moz:buildID: 20190619235627, moz:geckodriverVersion: 0.24.0, moz:headless: false, moz:processID: 10280, moz:profile: C:\Users\pandi\AppData\Loca..., moz:shutdownTimeout: 60000, moz:useNonSpecCompliantPointerOrigin: false, moz:webdriverClick: true, pageLoadStrategy: normal, platform: WINDOWS, platformName: WINDOWS, platformVersion: 10.0, rotatable: false, setWindowRect: true, strictFileInteractability: false, timeouts: {implicit: 0, pageLoad: 300000, script: 30000}, unhandledPromptBehavior: dismiss and notify}
Session ID: c40d7783-7f2b-4b29-8e3b-f0e72b21b67f
	at org.openqa.selenium.support.ui.WebDriverWait.timeoutException(WebDriverWait.java:95)
	at org.openqa.selenium.support.ui.FluentWait.until(FluentWait.java:272)
	at com.collateral360.JPMC.RES.Pages.AdminDashboardPage.Impersonate(AdminDashboardPage.java:26)
	at com.qa.collateral.tests.DashboardPageTest.setup(DashboardPageTest.java:35)
... Removed 28 stack frames</div></td></tr></table><p class="totop"><a href="#summary">back to summary</a></p>
<h3 id="m6">com.qa.collateral.tests.DashboardPageTest#dashboardPageTitleTest</h3><table class="result"><tr><th class="invisible"/></tr></table><p class="totop"><a href="#summary">back to summary</a></p>
<h3 id="m7">com.qa.collateral.tests.LoginPageTest#loginPageTitleTest</h3><table class="result"><tr><th class="invisible"/></tr></table><p class="totop"><a href="#summary">back to summary</a></p>
<h3 id="m8">com.qa.collateral.tests.LoginPageTest#signTest</h3><table class="result"><tr><th class="invisible"/></tr></table><p class="totop"><a href="#summary">back to summary</a></p>
</body>
</html>
